2026-07-02 14:45:21 [restartedMain] INFO  c.e.a.AccountBookApplication - Starting AccountBookApplication using Java 21.0.8 with PID 19576 (E:\java\Project\account-book\target\classes started by hwd11 in E:\java\Project\account-book)
2026-07-02 14:45:21 [restartedMain] DEBUG c.e.a.AccountBookApplication - Running with Spring Boot v3.5.16, Spring v6.2.19
2026-07-02 14:45:21 [restartedMain] INFO  c.e.a.AccountBookApplication - No active profile set, falling back to 1 default profile: "default"
2026-07-02 14:45:22 [restartedMain] INFO  o.a.catalina.core.StandardService - Starting service [Tomcat]
2026-07-02 14:45:22 [restartedMain] INFO  o.a.catalina.core.StandardEngine - Starting Servlet engine: [Apache Tomcat/10.1.55]
2026-07-02 14:45:22 [restartedMain] INFO  o.a.c.c.C.[Tomcat].[localhost].[/] - Initializing Spring embedded WebApplicationContext
2026-07-02 14:45:22 [restartedMain] INFO  c.e.a.AccountBookApplication - Started AccountBookApplication in 1.345 seconds (process running for 1.758)
2026-07-02 14:46:27 [http-nio-8080-exec-1] INFO  o.a.c.c.C.[Tomcat].[localhost].[/] - Initializing Spring DispatcherServlet 'dispatcherServlet'
2026-07-02 14:46:27 [http-nio-8080-exec-1] INFO  c.e.a.service.TransactionService - 查询所有交易记录
2026-07-02 14:46:27 [http-nio-8080-exec-1] INFO  com.zaxxer.hikari.HikariDataSource - HikariPool-1 - Starting...
2026-07-02 14:46:27 [http-nio-8080-exec-1] INFO  com.zaxxer.hikari.pool.HikariPool - HikariPool-1 - Added connection com.mysql.cj.jdbc.ConnectionImpl@7b299c7
2026-07-02 14:46:27 [http-nio-8080-exec-1] INFO  com.zaxxer.hikari.HikariDataSource - HikariPool-1 - Start completed.
2026-07-02 14:47:23 [http-nio-8080-exec-3] INFO  c.e.a.service.TransactionService - 新增交易: categoryId=1, amount=99.50, type=EXPENSE
2026-07-02 14:52:40 [http-nio-8080-exec-5] WARN  c.e.a.config.GlobalExceptionHandler - 参数校验失败: 交易日期不能为空；交易类型不能为空；金额不能为空；分类不能为空
2026-07-02 14:52:40 [http-nio-8080-exec-5] WARN  o.s.w.s.m.m.a.ExceptionHandlerExceptionResolver - Resolved [org.springframework.web.bind.MethodArgumentNotValidException: Validation failed for argument [0] in public com.example.accountbook.dto.ApiResponse<com.example.accountbook.entity.Transaction> com.example.accountbook.controller.TransactionController.add(com.example.accountbook.dto.TransactionDTO) with 4 errors: [Field error in object 'transactionDTO' on field 'transactionDate': rejected value [null]; codes [NotNull.transactionDTO.transactionDate,NotNull.transactionDate,NotNull.java.time.LocalDateTime,NotNull]; arguments [org.springframework.context.support.DefaultMessageSourceResolvable: codes [transactionDTO.transactionDate,transactionDate]; arguments []; default message [transactionDate]]; default message [交易日期不能为空]] [Field error in object 'transactionDTO' on field 'type': rejected value [null]; codes [NotNull.transactionDTO.type,NotNull.type,NotNull.java.lang.String,NotNull]; arguments [org.springframework.context.support.DefaultMessageSourceResolvable: codes [transactionDTO.type,type]; arguments []; default message [type]]; default message [交易类型不能为空]] [Field error in object 'transactionDTO' on field 'amount': rejected value [null]; codes [NotNull.transactionDTO.amount,NotNull.amount,NotNull.java.math.BigDecimal,NotNull]; arguments [org.springframework.context.support.DefaultMessageSourceResolvable: codes [transactionDTO.amount,amount]; arguments []; default message [amount]]; default message [金额不能为空]] [Field error in object 'transactionDTO' on field 'categoryId': rejected value [null]; codes [NotNull.transactionDTO.categoryId,NotNull.categoryId,NotNull.java.lang.Long,NotNull]; arguments [org.springframework.context.support.DefaultMessageSourceResolvable: codes [transactionDTO.categoryId,categoryId]; arguments []; default message [categoryId]]; default message [分类不能为空]] ]
2026-07-02 14:54:55 [http-nio-8080-exec-8] WARN  c.e.a.config.GlobalExceptionHandler - 参数校验失败: 分类类型不能为空；分类名称不能为空
2026-07-02 14:54:55 [http-nio-8080-exec-8] WARN  o.s.w.s.m.m.a.ExceptionHandlerExceptionResolver - Resolved [org.springframework.web.bind.MethodArgumentNotValidException: Validation failed for argument [0] in public com.example.accountbook.dto.ApiResponse<com.example.accountbook.entity.Category> com.example.accountbook.controller.CategoryController.add(com.example.accountbook.dto.CategoryDTO) with 2 errors: [Field error in object 'categoryDTO' on field 'type': rejected value [null]; codes [NotBlank.categoryDTO.type,NotBlank.type,NotBlank.java.lang.String,NotBlank]; arguments [org.springframework.context.support.DefaultMessageSourceResolvable: codes [categoryDTO.type,type]; arguments []; default message [type]]; default message [分类类型不能为空]] [Field error in object 'categoryDTO' on field 'name': rejected value [null]; codes [NotBlank.categoryDTO.name,NotBlank.name,NotBlank.java.lang.String,NotBlank]; arguments [org.springframework.context.support.DefaultMessageSourceResolvable: codes [categoryDTO.name,name]; arguments []; default message [name]]; default message [分类名称不能为空]] ]
2026-07-02 15:12:07 [Thread-5] INFO  com.zaxxer.hikari.HikariDataSource - HikariPool-1 - Shutdown initiated...
2026-07-02 15:12:07 [Thread-5] INFO  com.zaxxer.hikari.HikariDataSource - HikariPool-1 - Shutdown completed.
2026-07-02 15:12:07 [restartedMain] INFO  c.e.a.AccountBookApplication - Starting AccountBookApplication using Java 21.0.8 with PID 19576 (E:\java\Project\account-book\target\classes started by hwd11 in E:\java\Project\account-book)
2026-07-02 15:12:07 [restartedMain] DEBUG c.e.a.AccountBookApplication - Running with Spring Boot v3.5.16, Spring v6.2.19
2026-07-02 15:12:07 [restartedMain] INFO  c.e.a.AccountBookApplication - No active profile set, falling back to 1 default profile: "default"
2026-07-02 15:12:07 [restartedMain] WARN  o.m.s.mapper.ClassPathMapperScanner - No MyBatis mapper was found in '[com.example.accountbook]' package. Please check your configuration.
2026-07-02 15:12:07 [restartedMain] INFO  o.a.catalina.core.StandardService - Starting service [Tomcat]
2026-07-02 15:12:07 [restartedMain] INFO  o.a.catalina.core.StandardEngine - Starting Servlet engine: [Apache Tomcat/10.1.55]
2026-07-02 15:12:07 [restartedMain] INFO  o.a.c.c.C.[Tomcat].[localhost].[/] - Initializing Spring embedded WebApplicationContext
2026-07-02 15:12:07 [restartedMain] WARN  o.s.b.w.s.c.AnnotationConfigServletWebServerApplicationContext - Exception encountered during context initialization - cancelling refresh attempt: org.springframework.beans.factory.BeanCreationException: Error creating bean with name 'sqlSessionFactory' defined in class path resource [org/mybatis/spring/boot/autoconfigure/MybatisAutoConfiguration.class]: Failed to instantiate [org.apache.ibatis.session.SqlSessionFactory]: Factory method 'sqlSessionFactory' threw exception with message: Failed to parse mapping resource: 'file [E:\java\Project\account-book\target\classes\mapper\CategoryMapper.xml]'
2026-07-02 15:12:07 [restartedMain] INFO  o.a.catalina.core.StandardService - Stopping service [Tomcat]
2026-07-02 15:12:07 [restartedMain] ERROR o.s.boot.SpringApplication - Application run failed
org.springframework.beans.factory.BeanCreationException: Error creating bean with name 'sqlSessionFactory' defined in class path resource [org/mybatis/spring/boot/autoconfigure/MybatisAutoConfiguration.class]: Failed to instantiate [org.apache.ibatis.session.SqlSessionFactory]: Factory method 'sqlSessionFactory' threw exception with message: Failed to parse mapping resource: 'file [E:\java\Project\account-book\target\classes\mapper\CategoryMapper.xml]'
	at org.springframework.beans.factory.support.ConstructorResolver.instantiate(ConstructorResolver.java:657) ~[spring-beans-6.2.19.jar:6.2.19]
	at org.springframework.beans.factory.support.ConstructorResolver.instantiateUsingFactoryMethod(ConstructorResolver.java:645) ~[spring-beans-6.2.19.jar:6.2.19]
	at org.springframework.beans.factory.support.AbstractAutowireCapableBeanFactory.instantiateUsingFactoryMethod(AbstractAutowireCapableBeanFactory.java:1373) ~[spring-beans-6.2.19.jar:6.2.19]
	at org.springframework.beans.factory.support.AbstractAutowireCapableBeanFactory.createBeanInstance(AbstractAutowireCapableBeanFactory.java:1203) ~[spring-beans-6.2.19.jar:6.2.19]
	at org.springframework.beans.factory.support.AbstractAutowireCapableBeanFactory.doCreateBean(AbstractAutowireCapableBeanFactory.java:569) ~[spring-beans-6.2.19.jar:6.2.19]
	at org.springframework.beans.factory.support.AbstractAutowireCapableBeanFactory.createBean(AbstractAutowireCapableBeanFactory.java:529) ~[spring-beans-6.2.19.jar:6.2.19]
	at org.springframework.beans.factory.support.AbstractBeanFactory.lambda$doGetBean$0(AbstractBeanFactory.java:339) ~[spring-beans-6.2.19.jar:6.2.19]
	at org.springframework.beans.factory.support.DefaultSingletonBeanRegistry.getSingleton(DefaultSingletonBeanRegistry.java:373) ~[spring-beans-6.2.19.jar:6.2.19]
	at org.springframework.beans.factory.support.AbstractBeanFactory.doGetBean(AbstractBeanFactory.java:337) ~[spring-beans-6.2.19.jar:6.2.19]
	at org.springframework.beans.factory.support.AbstractBeanFactory.getBean(AbstractBeanFactory.java:202) ~[spring-beans-6.2.19.jar:6.2.19]
	at org.springframework.beans.factory.support.DefaultListableBeanFactory.instantiateSingleton(DefaultListableBeanFactory.java:1235) ~[spring-beans-6.2.19.jar:6.2.19]
	at org.springframework.beans.factory.support.DefaultListableBeanFactory.preInstantiateSingleton(DefaultListableBeanFactory.java:1201) ~[spring-beans-6.2.19.jar:6.2.19]
	at org.springframework.beans.factory.support.DefaultListableBeanFactory.preInstantiateSingletons(DefaultListableBeanFactory.java:1130) ~[spring-beans-6.2.19.jar:6.2.19]
	at org.springframework.context.support.AbstractApplicationContext.finishBeanFactoryInitialization(AbstractApplicationContext.java:991) ~[spring-context-6.2.19.jar:6.2.19]
	at org.springframework.context.support.AbstractApplicationContext.refresh(AbstractApplicationContext.java:628) ~[spring-context-6.2.19.jar:6.2.19]
	at org.springframework.boot.web.servlet.context.ServletWebServerApplicationContext.refresh(ServletWebServerApplicationContext.java:146) ~[spring-boot-3.5.16.jar:3.5.16]
	at org.springframework.boot.SpringApplication.refresh(SpringApplication.java:752) ~[spring-boot-3.5.16.jar:3.5.16]
	at org.springframework.boot.SpringApplication.refreshContext(SpringApplication.java:439) ~[spring-boot-3.5.16.jar:3.5.16]
	at org.springframework.boot.SpringApplication.run(SpringApplication.java:318) ~[spring-boot-3.5.16.jar:3.5.16]
	at org.springframework.boot.SpringApplication.run(SpringApplication.java:1361) ~[spring-boot-3.5.16.jar:3.5.16]
	at org.springframework.boot.SpringApplication.run(SpringApplication.java:1350) ~[spring-boot-3.5.16.jar:3.5.16]
	at com.example.accountbook.AccountBookApplication.main(AccountBookApplication.java:10) ~[classes/:na]
	at java.base/jdk.internal.reflect.DirectMethodHandleAccessor.invoke(DirectMethodHandleAccessor.java:103) ~[na:na]
	at java.base/java.lang.reflect.Method.invoke(Method.java:580) ~[na:na]
	at org.springframework.boot.devtools.restart.RestartLauncher.run(RestartLauncher.java:50) ~[spring-boot-devtools-3.5.16.jar:3.5.16]
Caused by: org.springframework.beans.BeanInstantiationException: Failed to instantiate [org.apache.ibatis.session.SqlSessionFactory]: Factory method 'sqlSessionFactory' threw exception with message: Failed to parse mapping resource: 'file [E:\java\Project\account-book\target\classes\mapper\CategoryMapper.xml]'
	at org.springframework.beans.factory.support.SimpleInstantiationStrategy.lambda$instantiate$0(SimpleInstantiationStrategy.java:200) ~[spring-beans-6.2.19.jar:6.2.19]
	at org.springframework.beans.factory.support.SimpleInstantiationStrategy.instantiateWithFactoryMethod(SimpleInstantiationStrategy.java:89) ~[spring-beans-6.2.19.jar:6.2.19]
	at org.springframework.beans.factory.support.SimpleInstantiationStrategy.instantiate(SimpleInstantiationStrategy.java:169) ~[spring-beans-6.2.19.jar:6.2.19]
	at org.springframework.beans.factory.support.ConstructorResolver.instantiate(ConstructorResolver.java:653) ~[spring-beans-6.2.19.jar:6.2.19]
	... 24 common frames omitted
Caused by: java.io.IOException: Failed to parse mapping resource: 'file [E:\java\Project\account-book\target\classes\mapper\CategoryMapper.xml]'
	at org.mybatis.spring.SqlSessionFactoryBean.buildSqlSessionFactory(SqlSessionFactoryBean.java:695) ~[mybatis-spring-3.0.5.jar:3.0.5]
	at org.mybatis.spring.SqlSessionFactoryBean.afterPropertiesSet(SqlSessionFactoryBean.java:572) ~[mybatis-spring-3.0.5.jar:3.0.5]
	at org.mybatis.spring.SqlSessionFactoryBean.getObject(SqlSessionFactoryBean.java:712) ~[mybatis-spring-3.0.5.jar:3.0.5]
	at org.mybatis.spring.boot.autoconfigure.MybatisAutoConfiguration.sqlSessionFactory(MybatisAutoConfiguration.java:189) ~[mybatis-spring-boot-autoconfigure-3.0.5.jar:3.0.5]
	at java.base/jdk.internal.reflect.DirectMethodHandleAccessor.invoke(DirectMethodHandleAccessor.java:103) ~[na:na]
	at java.base/java.lang.reflect.Method.invoke(Method.java:580) ~[na:na]
	at org.springframework.beans.factory.support.SimpleInstantiationStrategy.lambda$instantiate$0(SimpleInstantiationStrategy.java:172) ~[spring-beans-6.2.19.jar:6.2.19]
	... 27 common frames omitted
Caused by: org.apache.ibatis.builder.BuilderException: Error parsing Mapper XML. The XML location is 'file [E:\java\Project\account-book\target\classes\mapper\CategoryMapper.xml]'. Cause: org.apache.ibatis.builder.BuilderException: Error resolving class. Cause: org.apache.ibatis.type.TypeException: Could not resolve type alias 'com.example.accountbook.entity.Category'.  Cause: java.lang.ClassNotFoundException: Cannot find class: com.example.accountbook.entity.Category
	at org.apache.ibatis.builder.xml.XMLMapperBuilder.configurationElement(XMLMapperBuilder.java:125) ~[mybatis-3.5.19.jar:3.5.19]
	at org.apache.ibatis.builder.xml.XMLMapperBuilder.parse(XMLMapperBuilder.java:98) ~[mybatis-3.5.19.jar:3.5.19]
	at org.mybatis.spring.SqlSessionFactoryBean.buildSqlSessionFactory(SqlSessionFactoryBean.java:693) ~[mybatis-spring-3.0.5.jar:3.0.5]
	... 33 common frames omitted
Caused by: org.apache.ibatis.builder.BuilderException: Error resolving class. Cause: org.apache.ibatis.type.TypeException: Could not resolve type alias 'com.example.accountbook.entity.Category'.  Cause: java.lang.ClassNotFoundException: Cannot find class: com.example.accountbook.entity.Category
	at org.apache.ibatis.builder.BaseBuilder.resolveClass(BaseBuilder.java:103) ~[mybatis-3.5.19.jar:3.5.19]
	at org.apache.ibatis.builder.xml.XMLMapperBuilder.resultMapElement(XMLMapperBuilder.java:222) ~[mybatis-3.5.19.jar:3.5.19]
	at org.apache.ibatis.builder.xml.XMLMapperBuilder.resultMapElement(XMLMapperBuilder.java:214) ~[mybatis-3.5.19.jar:3.5.19]
	at org.apache.ibatis.builder.xml.XMLMapperBuilder.resultMapElements(XMLMapperBuilder.java:206) ~[mybatis-3.5.19.jar:3.5.19]
	at org.apache.ibatis.builder.xml.XMLMapperBuilder.configurationElement(XMLMapperBuilder.java:121) ~[mybatis-3.5.19.jar:3.5.19]
	... 35 common frames omitted
Caused by: org.apache.ibatis.type.TypeException: Could not resolve type alias 'com.example.accountbook.entity.Category'.  Cause: java.lang.ClassNotFoundException: Cannot find class: com.example.accountbook.entity.Category
	at org.apache.ibatis.type.TypeAliasRegistry.resolveAlias(TypeAliasRegistry.java:128) ~[mybatis-3.5.19.jar:3.5.19]
	at org.apache.ibatis.builder.BaseBuilder.resolveAlias(BaseBuilder.java:132) ~[mybatis-3.5.19.jar:3.5.19]
	at org.apache.ibatis.builder.BaseBuilder.resolveClass(BaseBuilder.java:101) ~[mybatis-3.5.19.jar:3.5.19]
	... 39 common frames omitted
Caused by: java.lang.ClassNotFoundException: Cannot find class: com.example.accountbook.entity.Category
	at org.apache.ibatis.io.ClassLoaderWrapper.classForName(ClassLoaderWrapper.java:226) ~[mybatis-3.5.19.jar:3.5.19]
	at org.apache.ibatis.io.ClassLoaderWrapper.classForName(ClassLoaderWrapper.java:103) ~[mybatis-3.5.19.jar:3.5.19]
	at org.apache.ibatis.io.Resources.classForName(Resources.java:322) ~[mybatis-3.5.19.jar:3.5.19]
	at org.apache.ibatis.type.TypeAliasRegistry.resolveAlias(TypeAliasRegistry.java:124) ~[mybatis-3.5.19.jar:3.5.19]
	... 41 common frames omitted
2026-07-02 15:12:08 [restartedMain] INFO  c.e.a.AccountBookApplication - Starting AccountBookApplication using Java 21.0.8 with PID 19576 (E:\java\Project\account-book\target\classes started by hwd11 in E:\java\Project\account-book)
2026-07-02 15:12:08 [restartedMain] DEBUG c.e.a.AccountBookApplication - Running with Spring Boot v3.5.16, Spring v6.2.19
2026-07-02 15:12:08 [restartedMain] INFO  c.e.a.AccountBookApplication - No active profile set, falling back to 1 default profile: "default"
2026-07-02 15:12:08 [restartedMain] INFO  o.a.catalina.core.StandardService - Starting service [Tomcat]
2026-07-02 15:12:08 [restartedMain] INFO  o.a.catalina.core.StandardEngine - Starting Servlet engine: [Apache Tomcat/10.1.55]
2026-07-02 15:12:08 [restartedMain] INFO  o.a.c.c.C.[Tomcat-1].[localhost].[/] - Initializing Spring embedded WebApplicationContext
2026-07-02 15:12:09 [restartedMain] INFO  c.e.a.AccountBookApplication - Started AccountBookApplication in 0.225 seconds (process running for 1607.969)
2026-07-02 15:24:18 [restartedMain] INFO  c.e.a.AccountBookApplication - Starting AccountBookApplication using Java 21.0.8 with PID 23060 (E:\java\Project\account-book\target\classes started by hwd11 in E:\java\Project\account-book)
2026-07-02 15:24:18 [restartedMain] DEBUG c.e.a.AccountBookApplication - Running with Spring Boot v3.5.16, Spring v6.2.19
2026-07-02 15:24:18 [restartedMain] INFO  c.e.a.AccountBookApplication - No active profile set, falling back to 1 default profile: "default"
2026-07-02 15:24:19 [restartedMain] INFO  o.a.catalina.core.StandardService - Starting service [Tomcat]
2026-07-02 15:24:19 [restartedMain] INFO  o.a.catalina.core.StandardEngine - Starting Servlet engine: [Apache Tomcat/10.1.55]
2026-07-02 15:24:19 [restartedMain] INFO  o.a.c.c.C.[Tomcat].[localhost].[/] - Initializing Spring embedded WebApplicationContext
2026-07-02 15:24:19 [restartedMain] INFO  c.e.a.AccountBookApplication - Started AccountBookApplication in 1.396 seconds (process running for 1.819)
2026-07-02 15:24:48 [http-nio-8080-exec-4] INFO  o.a.c.c.C.[Tomcat].[localhost].[/] - Initializing Spring DispatcherServlet 'dispatcherServlet'
2026-07-02 15:24:48 [http-nio-8080-exec-4] INFO  c.e.a.service.TransactionService - 分页查询交易: page=1, size=2
2026-07-02 15:24:48 [http-nio-8080-exec-4] INFO  com.zaxxer.hikari.HikariDataSource - HikariPool-1 - Starting...
2026-07-02 15:24:48 [http-nio-8080-exec-4] INFO  com.zaxxer.hikari.pool.HikariPool - HikariPool-1 - Added connection com.mysql.cj.jdbc.ConnectionImpl@6340c660
2026-07-02 15:24:48 [http-nio-8080-exec-4] INFO  com.zaxxer.hikari.HikariDataSource - HikariPool-1 - Start completed.
2026-07-02 15:25:59 [http-nio-8080-exec-5] INFO  c.e.a.service.TransactionService - 分页查询交易: page=2, size=2
2026-07-02 15:26:51 [http-nio-8080-exec-10] INFO  c.e.a.service.TransactionService - 分页查询交易: page=1, size=2
2026-07-02 15:27:11 [http-nio-8080-exec-6] INFO  c.e.a.service.TransactionService - 分页查询交易: page=2, size=2
2026-07-02 15:27:42 [http-nio-8080-exec-8] INFO  c.e.a.service.TransactionService - 分页查询交易: page=1, size=2
2026-07-02 15:28:44 [http-nio-8080-exec-7] INFO  c.e.a.service.TransactionService - 分页查询交易: page=1, size=2
2026-07-02 15:28:47 [http-nio-8080-exec-4] INFO  c.e.a.service.TransactionService - 分页查询交易: page=1, size=2
2026-07-02 15:28:49 [http-nio-8080-exec-3] INFO  c.e.a.service.TransactionService - 分页查询交易: page=1, size=2
2026-07-02 15:28:53 [http-nio-8080-exec-9] INFO  c.e.a.service.TransactionService - 分页查询交易: page=2, size=2
2026-07-02 15:28:55 [http-nio-8080-exec-5] INFO  c.e.a.service.TransactionService - 分页查询交易: page=2, size=2
2026-07-02 15:28:56 [http-nio-8080-exec-10] INFO  c.e.a.service.TransactionService - 分页查询交易: page=2, size=2
2026-07-02 15:28:57 [http-nio-8080-exec-6] INFO  c.e.a.service.TransactionService - 分页查询交易: page=2, size=2
2026-07-02 15:58:23 [HikariPool-1:housekeeper] WARN  com.zaxxer.hikari.pool.HikariPool - HikariPool-1 - Thread starvation or clock leap detected (housekeeper delta=20m34s383ms572µs900ns).
2026-07-02 16:01:23 [Thread-5] INFO  com.zaxxer.hikari.HikariDataSource - HikariPool-1 - Shutdown initiated...
2026-07-02 16:01:23 [Thread-5] INFO  com.zaxxer.hikari.HikariDataSource - HikariPool-1 - Shutdown completed.
2026-07-02 16:01:23 [restartedMain] INFO  c.e.a.AccountBookApplication - Starting AccountBookApplication using Java 21.0.8 with PID 23060 (E:\java\Project\account-book\target\classes started by hwd11 in E:\java\Project\account-book)
2026-07-02 16:01:23 [restartedMain] DEBUG c.e.a.AccountBookApplication - Running with Spring Boot v3.5.16, Spring v6.2.19
2026-07-02 16:01:23 [restartedMain] INFO  c.e.a.AccountBookApplication - No active profile set, falling back to 1 default profile: "default"
2026-07-02 16:01:23 [restartedMain] INFO  o.a.catalina.core.StandardService - Starting service [Tomcat]
2026-07-02 16:01:23 [restartedMain] INFO  o.a.catalina.core.StandardEngine - Starting Servlet engine: [Apache Tomcat/10.1.55]
2026-07-02 16:01:23 [restartedMain] INFO  o.a.c.c.C.[Tomcat].[localhost].[/] - Initializing Spring embedded WebApplicationContext
2026-07-02 16:01:23 [restartedMain] INFO  c.e.a.AccountBookApplication - Started AccountBookApplication in 0.282 seconds (process running for 2225.582)
2026-07-02 16:01:33 [restartedMain] INFO  c.e.a.AccountBookApplication - Starting AccountBookApplication using Java 21.0.8 with PID 23060 (E:\java\Project\account-book\target\classes started by hwd11 in E:\java\Project\account-book)
2026-07-02 16:01:33 [restartedMain] DEBUG c.e.a.AccountBookApplication - Running with Spring Boot v3.5.16, Spring v6.2.19
2026-07-02 16:01:33 [restartedMain] INFO  c.e.a.AccountBookApplication - No active profile set, falling back to 1 default profile: "default"
2026-07-02 16:01:33 [restartedMain] INFO  o.a.catalina.core.StandardService - Starting service [Tomcat]
2026-07-02 16:01:33 [restartedMain] INFO  o.a.catalina.core.StandardEngine - Starting Servlet engine: [Apache Tomcat/10.1.55]
2026-07-02 16:01:33 [restartedMain] INFO  o.a.c.c.C.[Tomcat].[localhost].[/] - Initializing Spring embedded WebApplicationContext
2026-07-02 16:01:33 [restartedMain] INFO  c.e.a.AccountBookApplication - Started AccountBookApplication in 0.249 seconds (process running for 2235.443)
2026-07-02 16:01:35 [restartedMain] INFO  c.e.a.AccountBookApplication - Starting AccountBookApplication using Java 21.0.8 with PID 23060 (E:\java\Project\account-book\target\classes started by hwd11 in E:\java\Project\account-book)
2026-07-02 16:01:35 [restartedMain] DEBUG c.e.a.AccountBookApplication - Running with Spring Boot v3.5.16, Spring v6.2.19
2026-07-02 16:01:35 [restartedMain] INFO  c.e.a.AccountBookApplication - No active profile set, falling back to 1 default profile: "default"
2026-07-02 16:01:35 [restartedMain] INFO  o.a.catalina.core.StandardService - Starting service [Tomcat]
2026-07-02 16:01:35 [restartedMain] INFO  o.a.catalina.core.StandardEngine - Starting Servlet engine: [Apache Tomcat/10.1.55]
2026-07-02 16:01:35 [restartedMain] INFO  o.a.c.c.C.[Tomcat].[localhost].[/] - Initializing Spring embedded WebApplicationContext
2026-07-02 16:01:35 [restartedMain] INFO  c.e.a.AccountBookApplication - Started AccountBookApplication in 0.21 seconds (process running for 2237.126)
2026-07-02 16:01:40 [restartedMain] INFO  c.e.a.AccountBookApplication - Starting AccountBookApplication using Java 21.0.8 with PID 23060 (E:\java\Project\account-book\target\classes started by hwd11 in E:\java\Project\account-book)
2026-07-02 16:01:40 [restartedMain] DEBUG c.e.a.AccountBookApplication - Running with Spring Boot v3.5.16, Spring v6.2.19
2026-07-02 16:01:40 [restartedMain] INFO  c.e.a.AccountBookApplication - No active profile set, falling back to 1 default profile: "default"
2026-07-02 16:01:40 [restartedMain] INFO  o.a.catalina.core.StandardService - Starting service [Tomcat]
2026-07-02 16:01:40 [restartedMain] INFO  o.a.catalina.core.StandardEngine - Starting Servlet engine: [Apache Tomcat/10.1.55]
2026-07-02 16:01:40 [restartedMain] INFO  o.a.c.c.C.[Tomcat].[localhost].[/] - Initializing Spring embedded WebApplicationContext
2026-07-02 16:01:41 [restartedMain] INFO  c.e.a.AccountBookApplication - Started AccountBookApplication in 0.246 seconds (process running for 2242.945)
2026-07-02 16:24:23 [restartedMain] INFO  c.e.a.AccountBookApplication - Starting AccountBookApplication using Java 21.0.8 with PID 8172 (E:\java\Project\account-book\target\classes started by hwd11 in E:\java\Project\account-book)
2026-07-02 16:24:23 [restartedMain] DEBUG c.e.a.AccountBookApplication - Running with Spring Boot v3.5.16, Spring v6.2.19
2026-07-02 16:24:23 [restartedMain] INFO  c.e.a.AccountBookApplication - No active profile set, falling back to 1 default profile: "default"
2026-07-02 16:24:24 [restartedMain] INFO  o.a.catalina.core.StandardService - Starting service [Tomcat]
2026-07-02 16:24:24 [restartedMain] INFO  o.a.catalina.core.StandardEngine - Starting Servlet engine: [Apache Tomcat/10.1.55]
2026-07-02 16:24:24 [restartedMain] INFO  o.a.c.c.C.[Tomcat].[localhost].[/] - Initializing Spring embedded WebApplicationContext
2026-07-02 16:24:24 [restartedMain] INFO  c.e.a.AccountBookApplication - Started AccountBookApplication in 1.383 seconds (process running for 1.809)
2026-07-02 16:24:40 [http-nio-8080-exec-2] INFO  o.a.c.c.C.[Tomcat].[localhost].[/] - Initializing Spring DispatcherServlet 'dispatcherServlet'
2026-07-02 16:24:40 [http-nio-8080-exec-2] ERROR c.e.a.config.GlobalExceptionHandler - 服务器内部错误
org.springframework.web.servlet.resource.NoResourceFoundException: No static resource api/transactions/summary/by-category.
	at org.springframework.web.servlet.resource.ResourceHttpRequestHandler.handleRequest(ResourceHttpRequestHandler.java:585)
	at org.springframework.web.servlet.mvc.HttpRequestHandlerAdapter.handle(HttpRequestHandlerAdapter.java:52)
	at org.springframework.web.servlet.DispatcherServlet.doDispatch(DispatcherServlet.java:1089)
	at org.springframework.web.servlet.DispatcherServlet.doService(DispatcherServlet.java:979)
	at org.springframework.web.servlet.FrameworkServlet.processRequest(FrameworkServlet.java:1014)
	at org.springframework.web.servlet.FrameworkServlet.doGet(FrameworkServlet.java:903)
	at jakarta.servlet.http.HttpServlet.service(HttpServlet.java:564)
	at org.springframework.web.servlet.FrameworkServlet.service(FrameworkServlet.java:885)
	at jakarta.servlet.http.HttpServlet.service(HttpServlet.java:658)
	at org.apache.catalina.core.ApplicationFilterChain.internalDoFilter(ApplicationFilterChain.java:193)
	at org.apache.catalina.core.ApplicationFilterChain.doFilter(ApplicationFilterChain.java:138)
	at org.apache.tomcat.websocket.server.WsFilter.doFilter(WsFilter.java:51)
	at org.apache.catalina.core.ApplicationFilterChain.internalDoFilter(ApplicationFilterChain.java:162)
	at org.apache.catalina.core.ApplicationFilterChain.doFilter(ApplicationFilterChain.java:138)
	at org.springframework.web.filter.RequestContextFilter.doFilterInternal(RequestContextFilter.java:100)
	at org.springframework.web.filter.OncePerRequestFilter.doFilter(OncePerRequestFilter.java:116)
	at org.apache.catalina.core.ApplicationFilterChain.internalDoFilter(ApplicationFilterChain.java:162)
	at org.apache.catalina.core.ApplicationFilterChain.doFilter(ApplicationFilterChain.java:138)
	at org.springframework.web.filter.FormContentFilter.doFilterInternal(FormContentFilter.java:93)
	at org.springframework.web.filter.OncePerRequestFilter.doFilter(OncePerRequestFilter.java:116)
	at org.apache.catalina.core.ApplicationFilterChain.internalDoFilter(ApplicationFilterChain.java:162)
	at org.apache.catalina.core.ApplicationFilterChain.doFilter(ApplicationFilterChain.java:138)
	at org.springframework.web.filter.CharacterEncodingFilter.doFilterInternal(CharacterEncodingFilter.java:201)
	at org.springframework.web.filter.OncePerRequestFilter.doFilter(OncePerRequestFilter.java:116)
	at org.apache.catalina.core.ApplicationFilterChain.internalDoFilter(ApplicationFilterChain.java:162)
	at org.apache.catalina.core.ApplicationFilterChain.doFilter(ApplicationFilterChain.java:138)
	at org.apache.catalina.core.StandardWrapperValve.invoke(StandardWrapperValve.java:165)
	at org.apache.catalina.core.StandardContextValve.invoke(StandardContextValve.java:88)
	at org.apache.catalina.authenticator.AuthenticatorBase.invoke(AuthenticatorBase.java:492)
	at org.apache.catalina.core.StandardHostValve.invoke(StandardHostValve.java:113)
	at org.apache.catalina.valves.ErrorReportValve.invoke(ErrorReportValve.java:83)
	at org.apache.catalina.core.StandardEngineValve.invoke(StandardEngineValve.java:72)
	at org.apache.catalina.connector.CoyoteAdapter.service(CoyoteAdapter.java:342)
	at org.apache.coyote.http11.Http11Processor.service(Http11Processor.java:399)
	at org.apache.coyote.AbstractProcessorLight.process(AbstractProcessorLight.java:63)
	at org.apache.coyote.AbstractProtocol$ConnectionHandler.process(AbstractProtocol.java:1272)
	at org.apache.tomcat.util.net.NioEndpoint$SocketProcessor.doRun(NioEndpoint.java:1797)
	at org.apache.tomcat.util.net.SocketProcessorBase.run(SocketProcessorBase.java:52)
	at org.apache.tomcat.util.threads.ThreadPoolExecutor.runWorker(ThreadPoolExecutor.java:973)
	at org.apache.tomcat.util.threads.ThreadPoolExecutor$Worker.run(ThreadPoolExecutor.java:491)
	at org.apache.tomcat.util.threads.TaskThread$WrappingRunnable.run(TaskThread.java:63)
	at java.base/java.lang.Thread.run(Thread.java:1583)
2026-07-02 16:24:40 [http-nio-8080-exec-2] WARN  o.s.w.s.m.m.a.ExceptionHandlerExceptionResolver - Resolved [org.springframework.web.servlet.resource.NoResourceFoundException: No static resource api/transactions/summary/by-category.]
2026-07-02 16:54:09 [restartedMain] INFO  c.e.a.AccountBookApplication - Starting AccountBookApplication using Java 21.0.8 with PID 19032 (E:\java\Project\account-book\target\classes started by hwd11 in E:\java\Project\account-book)
2026-07-02 16:54:09 [restartedMain] DEBUG c.e.a.AccountBookApplication - Running with Spring Boot v3.5.16, Spring v6.2.19
2026-07-02 16:54:09 [restartedMain] INFO  c.e.a.AccountBookApplication - No active profile set, falling back to 1 default profile: "default"
2026-07-02 16:54:09 [restartedMain] INFO  o.a.catalina.core.StandardService - Starting service [Tomcat]
2026-07-02 16:54:09 [restartedMain] INFO  o.a.catalina.core.StandardEngine - Starting Servlet engine: [Apache Tomcat/10.1.55]
2026-07-02 16:54:09 [restartedMain] INFO  o.a.c.c.C.[Tomcat].[localhost].[/] - Initializing Spring embedded WebApplicationContext
2026-07-02 16:54:10 [restartedMain] INFO  c.e.a.AccountBookApplication - Started AccountBookApplication in 1.392 seconds (process running for 1.819)
2026-07-02 16:54:19 [http-nio-8080-exec-2] INFO  o.a.c.c.C.[Tomcat].[localhost].[/] - Initializing Spring DispatcherServlet 'dispatcherServlet'
2026-07-02 16:54:19 [http-nio-8080-exec-2] INFO  c.e.a.service.TransactionService - 查询本月各分类支出统计
2026-07-02 16:54:19 [http-nio-8080-exec-2] INFO  com.zaxxer.hikari.HikariDataSource - HikariPool-1 - Starting...
2026-07-02 16:54:19 [http-nio-8080-exec-2] INFO  com.zaxxer.hikari.pool.HikariPool - HikariPool-1 - Added connection com.mysql.cj.jdbc.ConnectionImpl@399b2b
2026-07-02 16:54:19 [http-nio-8080-exec-2] INFO  com.zaxxer.hikari.HikariDataSource - HikariPool-1 - Start completed.
2026-07-02 17:00:33 [http-nio-8080-exec-5] INFO  c.e.a.service.TransactionService - 查询所有交易记录
2026-07-02 17:10:50 [http-nio-8080-exec-8] INFO  c.e.a.service.TransactionService - 查询本月各分类支出统计
2026-07-02 17:16:11 [SpringApplicationShutdownHook] INFO  com.zaxxer.hikari.HikariDataSource - HikariPool-1 - Shutdown initiated...
2026-07-02 17:16:11 [SpringApplicationShutdownHook] INFO  com.zaxxer.hikari.HikariDataSource - HikariPool-1 - Shutdown completed.
